<?xml version="1.0" encoding="UTF-8"?>
<!-- Generated by org.testng.reporters.JUnitReportReporter -->
<testsuite hostname="MSI" failures="0" tests="2" name="TestAutomation.HomePage" time="9.293" errors="0" timestamp="2022-01-29T17:36:16 IST" skipped="0">
  <testcase classname="TestAutomation.HomePage" name="homePageNavigation" time="4.223"/>
  <system-out/>
  <testcase classname="TestAutomation.HomePage" name="homePageNavigation" time="5.070"/>
  <system-out/>
</testsuite> <!-- TestAutomation.HomePage -->
