<?xml version="1.0" encoding="UTF-8"?>
<!-- Generated by org.testng.reporters.JUnitReportReporter -->
<testsuite hostname="MSI" failures="0" tests="1" name="TestAutomation.AppTest" time="0.017" errors="0" timestamp="2022-01-31T13:33:23 IST" skipped="0">
  <testcase classname="TestAutomation.AppTest" name="test1" time="0.017"/>
  <system-out/>
</testsuite> <!-- TestAutomation.AppTest -->
