<?xml version="1.0" encoding="UTF-8"?>
<!-- Generated by org.testng.reporters.JUnitReportReporter -->
<testsuite hostname="MSI" failures="0" tests="1" name="TestAutomation.SanityTest" time="1.378" errors="0" timestamp="2022-01-31T13:34:26 IST" skipped="0">
  <testcase classname="TestAutomation.SanityTest" name="homePageNavigation" time="1.378"/>
  <system-out/>
</testsuite> <!-- TestAutomation.SanityTest -->
